<?xml version="1.0" encoding="UTF-8"?>
<testng-results skipped="0" failed="0" ignored="0" total="1" passed="1">
  <reporter-output>
  </reporter-output>
  <suite name="Default suite" duration-ms="30" started-at="2019-04-04T10:30:45Z" finished-at="2019-04-04T10:30:45Z">
    <groups>
    </groups>
    <test name="Default test" duration-ms="30" started-at="2019-04-04T10:30:45Z" finished-at="2019-04-04T10:30:45Z">
      <class name="mavenProject.GoogleTest1">
        <test-method status="PASS" signature="f()[pri:0, instance:mavenProject.GoogleTest1@6d00a15d]" name="f" duration-ms="10" started-at="2019-04-04T16:00:45Z" finished-at="2019-04-04T16:00:45Z">
          <reporter-output>
          </reporter-output>
        </test-method> <!-- f -->
      </class> <!-- mavenProject.GoogleTest1 -->
    </test> <!-- Default test -->
  </suite> <!-- Default suite -->
</testng-results>
